{"name": "Проверка ошибки при создании курьера без обязательного поля", "status": "failed", "statusDetails": {"message": "AssertionError: assert 'Unexpected t...at position 0' == 'Недостаточно...четной записи'\n  \n  - Недостаточно данных для создания учетной записи\n  + Unexpected token l in JSON at position 0", "trace": "self = <tests.test_create_courier.TestCreateCourier object at 0x1038ca900>, payload_data = 'password'\n\n    @pytest.mark.parametrize('payload_data', ['login', 'password'])\n    @allure.title('Проверка ошибки при создании курьера без обязательного поля')\n    def test_required_fields_on_register(self, payload_data):\n        courier_requests = CourierRequests()\n        faker = Faker()\n    \n        payload = {\n            \"login\": faker.name(),\n            \"password\": faker.pyint(),\n            \"firstName\": faker.name()\n        }\n        del payload[payload_data]\n    \n        response = courier_requests.create_courier_post(payload, status=400)\n>       assert response[\"message\"] == \"Недостаточно данных для создания учетной записи\"\nE       AssertionError: assert 'Unexpected t...at position 0' == 'Недостаточно...четной записи'\nE         \nE         - Недостаточно данных для создания учетной записи\nE         + Unexpected token l in JSON at position 0\n\ntests/test_create_courier.py:39: AssertionError"}, "steps": [{"name": "Создание курьера (POST)", "status": "passed", "parameters": [{"name": "data", "value": "{'login': 'Charles Mccoy', 'firstName': 'Susan Harvey'}"}, {"name": "status", "value": "400"}], "start": 1717785491207, "stop": 1717785491273}], "parameters": [{"name": "payload_data", "value": "'password'"}], "start": 1717785491193, "stop": 1717785491273, "uuid": "89cba2d9-4855-4638-94ca-9b3c43b10d5c", "historyId": "db0e4e6af73b878ce30d22df061b14c3", "testCaseId": "ff2f5c9d26c28553ff22b118c442a81e", "fullName": "tests.test_create_courier.TestCreateCourier#test_required_fields_on_register", "labels": [{"name": "feature", "value": "Проверка регистрации курьера"}, {"name": "parentSuite", "value": "tests"}, {"name": "suite", "value": "test_create_courier"}, {"name": "subSuite", "value": "TestCreateCourier"}, {"name": "host", "value": "192.168.1.3"}, {"name": "thread", "value": "30981-MainThread"}, {"name": "framework", "value": "pytest"}, {"name": "language", "value": "cpython3"}, {"name": "package", "value": "tests.test_create_courier"}]}